2023-07-07 16:44:02,314 [Worker-5: Loading available Gradle versions] INFO  o.e.b.c.i.u.g.PublishedGradleVersions - Gradle version information cache is out-of-date. Trying to update.
2023-07-07 16:44:57,165 [Worker-12: Building] INFO  o.e.m.c.i.l.LifecycleMappingFactory - Using org.eclipse.m2e.jdt.JarLifecycleMapping lifecycle mapping for MavenProject: com.api:ApiGatewayMS:0.0.1-SNAPSHOT @ C:\Users\p1357978\Documents\Capstone Final Project\Team-5\Team-5 Backend\BackEnd\ApiGatewayMS\pom.xml.
2023-07-07 16:45:34,698 [Worker-12: Building] INFO  o.a.m.s.f.DefaultMavenResourcesFiltering - Copying 1 resource from src\main\resources to target\classes
2023-07-07 16:45:34,738 [Worker-12: Building] INFO  o.a.m.s.f.DefaultMavenResourcesFiltering - Copying 0 resource from src\main\resources to target\classes
2023-07-07 16:45:34,756 [Worker-12: Building] INFO  o.a.m.s.f.DefaultMavenResourcesFiltering - skip non existing resourceDirectory C:\Users\p1357978\Documents\Capstone Final Project\Team-5\Team-5 Backend\BackEnd\ApiGatewayMS\src\test\resources
2023-07-07 16:45:39,882 [Worker-9: Building] INFO  o.e.m.c.i.l.LifecycleMappingFactory - Using org.eclipse.m2e.jdt.JarLifecycleMapping lifecycle mapping for MavenProject: com.spring.eureka:EurekaDS:0.0.1-SNAPSHOT @ C:\Users\p1357978\Documents\Capstone Final Project\Team-5\Team-5 Backend\BackEnd\EurekaDS\pom.xml.
2023-07-07 16:45:52,752 [Worker-9: Building] INFO  o.a.m.s.f.DefaultMavenResourcesFiltering - Copying 1 resource from src\main\resources to target\classes
2023-07-07 16:45:52,785 [Worker-9: Building] INFO  o.a.m.s.f.DefaultMavenResourcesFiltering - Copying 0 resource from src\main\resources to target\classes
2023-07-07 16:45:52,798 [Worker-9: Building] INFO  o.a.m.s.f.DefaultMavenResourcesFiltering - skip non existing resourceDirectory C:\Users\p1357978\Documents\Capstone Final Project\Team-5\Team-5 Backend\BackEnd\EurekaDS\src\test\resources
2023-07-07 16:45:57,973 [Worker-18: Building] INFO  o.e.m.c.i.l.LifecycleMappingFactory - Using org.eclipse.m2e.jdt.JarLifecycleMapping lifecycle mapping for MavenProject: com.user:UserService:0.0.1-SNAPSHOT @ C:\Users\p1357978\Documents\Capstone Final Project\Team-5\Team-5 Backend\BackEnd\RegisterService\pom.xml.
2023-07-07 16:46:18,026 [Worker-18: Building] INFO  o.a.m.s.f.DefaultMavenResourcesFiltering - Copying 1 resource from src\main\resources to target\classes
2023-07-07 16:46:18,119 [Worker-18: Building] INFO  o.a.m.s.f.DefaultMavenResourcesFiltering - Copying 0 resource from src\main\resources to target\classes
2023-07-07 16:46:18,135 [Worker-18: Building] INFO  o.a.m.s.f.DefaultMavenResourcesFiltering - skip non existing resourceDirectory C:\Users\p1357978\Documents\Capstone Final Project\Team-5\Team-5 Backend\BackEnd\RegisterService\src\test\resources
2023-07-07 16:46:21,452 [Worker-9: Updating Maven Dependencies] INFO  o.e.m.c.i.l.LifecycleMappingFactory - Using org.eclipse.m2e.jdt.JarLifecycleMapping lifecycle mapping for MavenProject: com.user:UserService:0.0.1-SNAPSHOT @ C:\Users\p1357978\Documents\Capstone Final Project\Team-5\Team-5 Backend\BackEnd\RegisterService\pom.xml.
2023-07-07 16:46:22,435 [Worker-5: Building] INFO  o.e.m.c.i.l.LifecycleMappingFactory - Using org.eclipse.m2e.jdt.JarLifecycleMapping lifecycle mapping for MavenProject: com.auth:UserAuth:0.0.1-SNAPSHOT @ C:\Users\p1357978\Documents\Capstone Final Project\Team-5\Team-5 Backend\BackEnd\UserAuth\pom.xml.
2023-07-07 16:46:28,992 [Worker-5: Building] INFO  o.a.m.s.f.DefaultMavenResourcesFiltering - Copying 1 resource from src\main\resources to target\classes
2023-07-07 16:46:29,034 [Worker-5: Building] INFO  o.a.m.s.f.DefaultMavenResourcesFiltering - Copying 0 resource from src\main\resources to target\classes
2023-07-07 16:46:29,047 [Worker-5: Building] INFO  o.a.m.s.f.DefaultMavenResourcesFiltering - skip non existing resourceDirectory C:\Users\p1357978\Documents\Capstone Final Project\Team-5\Team-5 Backend\BackEnd\UserAuth\src\test\resources
2023-07-07 16:46:31,906 [Worker-11: Building] INFO  o.e.m.c.i.l.LifecycleMappingFactory - Using org.eclipse.m2e.jdt.JarLifecycleMapping lifecycle mapping for MavenProject: com:Book:0.0.1-SNAPSHOT @ C:\Users\p1357978\Documents\Capstone Final Project\Team-5\Team-5 Backend\BackEnd\Book\pom.xml.
2023-07-07 16:46:47,336 [Worker-11: Building] INFO  o.a.m.s.f.DefaultMavenResourcesFiltering - Copying 1 resource from src\main\resources to target\classes
2023-07-07 16:46:47,447 [Worker-11: Building] INFO  o.a.m.s.f.DefaultMavenResourcesFiltering - Copying 0 resource from src\main\resources to target\classes
2023-07-07 16:46:47,466 [Worker-11: Building] INFO  o.a.m.s.f.DefaultMavenResourcesFiltering - skip non existing resourceDirectory C:\Users\p1357978\Documents\Capstone Final Project\Team-5\Team-5 Backend\BackEnd\Book\src\test\resources
2023-07-07 16:46:51,309 [Worker-18: Updating Maven Dependencies] INFO  o.e.m.c.i.l.LifecycleMappingFactory - Using org.eclipse.m2e.jdt.JarLifecycleMapping lifecycle mapping for MavenProject: com:Book:0.0.1-SNAPSHOT @ C:\Users\p1357978\Documents\Capstone Final Project\Team-5\Team-5 Backend\BackEnd\Book\pom.xml.
2023-07-07 16:46:52,846 [Worker-8: Building] INFO  o.e.m.c.i.l.LifecycleMappingFactory - Using org.eclipse.m2e.jdt.JarLifecycleMapping lifecycle mapping for MavenProject: com.project.order:orderMS:0.0.1-SNAPSHOT @ C:\Users\p1357978\Documents\Capstone Final Project\Team-5\Team-5 Backend\BackEnd\orderMS\pom.xml.
2023-07-07 16:46:57,069 [Worker-8: Building] INFO  o.a.m.s.f.DefaultMavenResourcesFiltering - Copying 1 resource from src\main\resources to target\classes
2023-07-07 16:46:57,135 [Worker-8: Building] INFO  o.a.m.s.f.DefaultMavenResourcesFiltering - Copying 0 resource from src\main\resources to target\classes
2023-07-07 16:46:57,154 [Worker-8: Building] INFO  o.a.m.s.f.DefaultMavenResourcesFiltering - skip non existing resourceDirectory C:\Users\p1357978\Documents\Capstone Final Project\Team-5\Team-5 Backend\BackEnd\orderMS\src\test\resources
2023-07-07 16:47:00,121 [Worker-7: Updating Maven Dependencies] INFO  o.e.m.c.i.l.LifecycleMappingFactory - Using org.eclipse.m2e.jdt.JarLifecycleMapping lifecycle mapping for MavenProject: com:Book:0.0.1-SNAPSHOT @ C:\Users\p1357978\Documents\Capstone Final Project\Team-5\Team-5 Backend\BackEnd\Book\pom.xml.
2023-07-07 16:47:01,700 [Worker-7: Updating Maven Dependencies] INFO  o.e.m.c.i.l.LifecycleMappingFactory - Using org.eclipse.m2e.jdt.JarLifecycleMapping lifecycle mapping for MavenProject: com.user:UserService:0.0.1-SNAPSHOT @ C:\Users\p1357978\Documents\Capstone Final Project\Team-5\Team-5 Backend\BackEnd\RegisterService\pom.xml.
2023-07-07 16:47:02,496 [Worker-7: Updating Maven Dependencies] INFO  o.e.m.c.i.l.LifecycleMappingFactory - Using org.eclipse.m2e.jdt.JarLifecycleMapping lifecycle mapping for MavenProject: com.spring.eureka:EurekaDS:0.0.1-SNAPSHOT @ C:\Users\p1357978\Documents\Capstone Final Project\Team-5\Team-5 Backend\BackEnd\EurekaDS\pom.xml.
2023-07-07 16:47:12,664 [Worker-8: Building] INFO  o.e.m.c.i.l.LifecycleMappingFactory - Using org.eclipse.m2e.jdt.JarLifecycleMapping lifecycle mapping for MavenProject: com.cart:CartMS:0.0.1-SNAPSHOT @ C:\Users\p1357978\Documents\Capstone Final Project\Team-5\Team-5 Backend\BackEnd\CartMS\pom.xml.
2023-07-07 16:47:19,981 [Worker-8: Building] INFO  o.a.m.s.f.DefaultMavenResourcesFiltering - Copying 1 resource from src\main\resources to target\classes
2023-07-07 16:47:20,028 [Worker-8: Building] INFO  o.a.m.s.f.DefaultMavenResourcesFiltering - Copying 0 resource from src\main\resources to target\classes
2023-07-07 16:47:20,040 [Worker-8: Building] INFO  o.a.m.s.f.DefaultMavenResourcesFiltering - skip non existing resourceDirectory C:\Users\p1357978\Documents\Capstone Final Project\Team-5\Team-5 Backend\BackEnd\CartMS\src\test\resources
2023-07-07 16:47:23,689 [Worker-13: Updating Maven Dependencies] INFO  o.e.m.c.i.l.LifecycleMappingFactory - Using org.eclipse.m2e.jdt.JarLifecycleMapping lifecycle mapping for MavenProject: com.cart:CartMS:0.0.1-SNAPSHOT @ C:\Users\p1357978\Documents\Capstone Final Project\Team-5\Team-5 Backend\BackEnd\CartMS\pom.xml.
2023-07-07 16:47:27,267 [Worker-8: Updating Maven Project] INFO  o.e.m.c.i.p.ProjectConfigurationManager - Update started
2023-07-07 16:47:32,525 [Worker-8: Updating Maven Project] INFO  o.e.m.c.i.l.LifecycleMappingFactory - Using org.eclipse.m2e.jdt.JarLifecycleMapping lifecycle mapping for MavenProject: com.api:ApiGatewayMS:0.0.1-SNAPSHOT @ C:\Users\p1357978\Documents\Capstone Final Project\Team-5\Team-5 Backend\BackEnd\ApiGatewayMS\pom.xml.
2023-07-07 16:47:33,854 [Worker-8: Updating Maven Project] INFO  o.e.m.c.i.l.LifecycleMappingFactory - Using org.eclipse.m2e.jdt.JarLifecycleMapping lifecycle mapping for MavenProject: com:Book:0.0.1-SNAPSHOT @ C:\Users\p1357978\Documents\Capstone Final Project\Team-5\Team-5 Backend\BackEnd\Book\pom.xml.
2023-07-07 16:47:34,690 [Worker-8: Updating Maven Project] INFO  o.e.m.c.i.l.LifecycleMappingFactory - Using org.eclipse.m2e.jdt.JarLifecycleMapping lifecycle mapping for MavenProject: com.cart:CartMS:0.0.1-SNAPSHOT @ C:\Users\p1357978\Documents\Capstone Final Project\Team-5\Team-5 Backend\BackEnd\CartMS\pom.xml.
2023-07-07 16:47:35,269 [Worker-8: Updating Maven Project] INFO  o.e.m.c.i.l.LifecycleMappingFactory - Using org.eclipse.m2e.jdt.JarLifecycleMapping lifecycle mapping for MavenProject: com.spring.eureka:EurekaDS:0.0.1-SNAPSHOT @ C:\Users\p1357978\Documents\Capstone Final Project\Team-5\Team-5 Backend\BackEnd\EurekaDS\pom.xml.
2023-07-07 16:47:35,800 [Worker-8: Updating Maven Project] INFO  o.e.m.c.i.l.LifecycleMappingFactory - Using org.eclipse.m2e.jdt.JarLifecycleMapping lifecycle mapping for MavenProject: com.project.order:orderMS:0.0.1-SNAPSHOT @ C:\Users\p1357978\Documents\Capstone Final Project\Team-5\Team-5 Backend\BackEnd\orderMS\pom.xml.
2023-07-07 16:47:36,199 [Worker-8: Updating Maven Project] INFO  o.e.m.c.i.l.LifecycleMappingFactory - Using org.eclipse.m2e.jdt.JarLifecycleMapping lifecycle mapping for MavenProject: com.user:UserService:0.0.1-SNAPSHOT @ C:\Users\p1357978\Documents\Capstone Final Project\Team-5\Team-5 Backend\BackEnd\RegisterService\pom.xml.
2023-07-07 16:47:36,582 [Worker-8: Updating Maven Project] INFO  o.e.m.c.i.l.LifecycleMappingFactory - Using org.eclipse.m2e.jdt.JarLifecycleMapping lifecycle mapping for MavenProject: com.auth:UserAuth:0.0.1-SNAPSHOT @ C:\Users\p1357978\Documents\Capstone Final Project\Team-5\Team-5 Backend\BackEnd\UserAuth\pom.xml.
2023-07-07 16:47:51,398 [Worker-8: Updating Maven Project] INFO  o.e.m.j.i.AbstractJavaProjectConfigurator - Adding source folder /ApiGatewayMS/src/main/java
2023-07-07 16:47:51,401 [Worker-8: Updating Maven Project] INFO  o.e.m.j.i.AbstractJavaProjectConfigurator - Adding resource folder /ApiGatewayMS/src/main/resources
2023-07-07 16:47:51,425 [Worker-8: Updating Maven Project] INFO  o.e.m.j.i.AbstractJavaProjectConfigurator - Adding resource folder /ApiGatewayMS/src/main/resources
2023-07-07 16:47:51,451 [Worker-8: Updating Maven Project] INFO  o.e.m.j.i.AbstractJavaProjectConfigurator - Adding source folder /ApiGatewayMS/src/test/java
2023-07-07 16:47:51,453 [Worker-8: Updating Maven Project] ERROR o.e.m.j.i.AbstractJavaProjectConfigurator - Failed to find a compatible VM for environment id 'JavaSE-17', falling back to workspace default
2023-07-07 16:47:55,478 [Worker-8: Updating Maven Project] INFO  o.e.m.j.i.AbstractJavaProjectConfigurator - Adding source folder /Book/src/main/java
2023-07-07 16:47:55,480 [Worker-8: Updating Maven Project] INFO  o.e.m.j.i.AbstractJavaProjectConfigurator - Adding resource folder /Book/src/main/resources
2023-07-07 16:47:55,498 [Worker-8: Updating Maven Project] INFO  o.e.m.j.i.AbstractJavaProjectConfigurator - Adding resource folder /Book/src/main/resources
2023-07-07 16:47:55,518 [Worker-8: Updating Maven Project] INFO  o.e.m.j.i.AbstractJavaProjectConfigurator - Adding source folder /Book/src/test/java
2023-07-07 16:47:55,519 [Worker-8: Updating Maven Project] ERROR o.e.m.j.i.AbstractJavaProjectConfigurator - Failed to find a compatible VM for environment id 'JavaSE-17', falling back to workspace default
2023-07-07 16:47:59,326 [Worker-8: Updating Maven Project] INFO  o.e.m.j.i.AbstractJavaProjectConfigurator - Adding source folder /CartMS/src/main/java
2023-07-07 16:47:59,327 [Worker-8: Updating Maven Project] INFO  o.e.m.j.i.AbstractJavaProjectConfigurator - Adding resource folder /CartMS/src/main/resources
2023-07-07 16:47:59,348 [Worker-8: Updating Maven Project] INFO  o.e.m.j.i.AbstractJavaProjectConfigurator - Adding resource folder /CartMS/src/main/resources
2023-07-07 16:47:59,365 [Worker-8: Updating Maven Project] INFO  o.e.m.j.i.AbstractJavaProjectConfigurator - Adding source folder /CartMS/src/test/java
2023-07-07 16:47:59,367 [Worker-8: Updating Maven Project] ERROR o.e.m.j.i.AbstractJavaProjectConfigurator - Failed to find a compatible VM for environment id 'JavaSE-17', falling back to workspace default
2023-07-07 16:48:02,449 [Worker-8: Updating Maven Project] INFO  o.e.m.j.i.AbstractJavaProjectConfigurator - Adding source folder /EurekaDS/src/main/java
2023-07-07 16:48:02,450 [Worker-8: Updating Maven Project] INFO  o.e.m.j.i.AbstractJavaProjectConfigurator - Adding resource folder /EurekaDS/src/main/resources
2023-07-07 16:48:02,463 [Worker-8: Updating Maven Project] INFO  o.e.m.j.i.AbstractJavaProjectConfigurator - Adding resource folder /EurekaDS/src/main/resources
2023-07-07 16:48:02,478 [Worker-8: Updating Maven Project] INFO  o.e.m.j.i.AbstractJavaProjectConfigurator - Adding source folder /EurekaDS/src/test/java
2023-07-07 16:48:02,479 [Worker-8: Updating Maven Project] ERROR o.e.m.j.i.AbstractJavaProjectConfigurator - Failed to find a compatible VM for environment id 'JavaSE-17', falling back to workspace default
2023-07-07 16:48:05,259 [Worker-8: Updating Maven Project] INFO  o.e.m.j.i.AbstractJavaProjectConfigurator - Adding source folder /orderMS/src/main/java
2023-07-07 16:48:05,260 [Worker-8: Updating Maven Project] INFO  o.e.m.j.i.AbstractJavaProjectConfigurator - Adding resource folder /orderMS/src/main/resources
2023-07-07 16:48:05,274 [Worker-8: Updating Maven Project] INFO  o.e.m.j.i.AbstractJavaProjectConfigurator - Adding resource folder /orderMS/src/main/resources
2023-07-07 16:48:05,285 [Worker-8: Updating Maven Project] INFO  o.e.m.j.i.AbstractJavaProjectConfigurator - Adding source folder /orderMS/src/test/java
2023-07-07 16:48:05,286 [Worker-8: Updating Maven Project] ERROR o.e.m.j.i.AbstractJavaProjectConfigurator - Failed to find a compatible VM for environment id 'JavaSE-17', falling back to workspace default
2023-07-07 16:48:07,068 [Worker-8: Updating Maven Project] INFO  o.e.m.j.i.AbstractJavaProjectConfigurator - Adding source folder /RegisterService/src/main/java
2023-07-07 16:48:07,069 [Worker-8: Updating Maven Project] INFO  o.e.m.j.i.AbstractJavaProjectConfigurator - Adding resource folder /RegisterService/src/main/resources
2023-07-07 16:48:07,082 [Worker-8: Updating Maven Project] INFO  o.e.m.j.i.AbstractJavaProjectConfigurator - Adding resource folder /RegisterService/src/main/resources
2023-07-07 16:48:07,097 [Worker-8: Updating Maven Project] INFO  o.e.m.j.i.AbstractJavaProjectConfigurator - Adding source folder /RegisterService/src/test/java
2023-07-07 16:48:07,098 [Worker-8: Updating Maven Project] ERROR o.e.m.j.i.AbstractJavaProjectConfigurator - Failed to find a compatible VM for environment id 'JavaSE-17', falling back to workspace default
2023-07-07 16:48:09,828 [Worker-8: Updating Maven Project] INFO  o.e.m.j.i.AbstractJavaProjectConfigurator - Adding source folder /UserAuth/src/main/java
2023-07-07 16:48:09,830 [Worker-8: Updating Maven Project] INFO  o.e.m.j.i.AbstractJavaProjectConfigurator - Adding resource folder /UserAuth/src/main/resources
2023-07-07 16:48:09,844 [Worker-8: Updating Maven Project] INFO  o.e.m.j.i.AbstractJavaProjectConfigurator - Adding resource folder /UserAuth/src/main/resources
2023-07-07 16:48:09,859 [Worker-8: Updating Maven Project] INFO  o.e.m.j.i.AbstractJavaProjectConfigurator - Adding source folder /UserAuth/src/test/java
2023-07-07 16:48:09,860 [Worker-8: Updating Maven Project] ERROR o.e.m.j.i.AbstractJavaProjectConfigurator - Failed to find a compatible VM for environment id 'JavaSE-17', falling back to workspace default
2023-07-07 16:48:15,905 [Worker-8: Updating Maven Project] INFO  o.e.m.c.i.p.ProjectConfigurationManager - Update completed for 7 poms: local refresh takes 1.00 sec, refresh facades takes 22.00 sec, update config takes 21.00 sec 
2023-07-07 16:48:18,020 [Worker-21: Building] INFO  o.a.m.s.f.DefaultMavenResourcesFiltering - Copying 1 resource from src\main\resources to target\classes
2023-07-07 16:48:18,328 [Worker-21: Building] INFO  o.a.m.s.f.DefaultMavenResourcesFiltering - Copying 0 resource from src\main\resources to target\classes
2023-07-07 16:48:18,345 [Worker-21: Building] INFO  o.a.m.s.f.DefaultMavenResourcesFiltering - skip non existing resourceDirectory C:\Users\p1357978\Documents\Capstone Final Project\Team-5\Team-5 Backend\BackEnd\ApiGatewayMS\src\test\resources
2023-07-07 16:48:20,616 [Worker-21: Building] INFO  o.a.m.s.f.DefaultMavenResourcesFiltering - Copying 1 resource from src\main\resources to target\classes
2023-07-07 16:48:20,660 [Worker-21: Building] INFO  o.a.m.s.f.DefaultMavenResourcesFiltering - Copying 0 resource from src\main\resources to target\classes
2023-07-07 16:48:20,673 [Worker-21: Building] INFO  o.a.m.s.f.DefaultMavenResourcesFiltering - skip non existing resourceDirectory C:\Users\p1357978\Documents\Capstone Final Project\Team-5\Team-5 Backend\BackEnd\Book\src\test\resources
2023-07-07 16:48:21,896 [Worker-21: Building] INFO  o.a.m.s.f.DefaultMavenResourcesFiltering - Copying 1 resource from src\main\resources to target\classes
2023-07-07 16:48:21,942 [Worker-21: Building] INFO  o.a.m.s.f.DefaultMavenResourcesFiltering - Copying 0 resource from src\main\resources to target\classes
2023-07-07 16:48:21,954 [Worker-21: Building] INFO  o.a.m.s.f.DefaultMavenResourcesFiltering - skip non existing resourceDirectory C:\Users\p1357978\Documents\Capstone Final Project\Team-5\Team-5 Backend\BackEnd\CartMS\src\test\resources
2023-07-07 16:48:22,763 [Worker-21: Building] INFO  o.a.m.s.f.DefaultMavenResourcesFiltering - Copying 1 resource from src\main\resources to target\classes
2023-07-07 16:48:22,805 [Worker-21: Building] INFO  o.a.m.s.f.DefaultMavenResourcesFiltering - Copying 0 resource from src\main\resources to target\classes
2023-07-07 16:48:22,817 [Worker-21: Building] INFO  o.a.m.s.f.DefaultMavenResourcesFiltering - skip non existing resourceDirectory C:\Users\p1357978\Documents\Capstone Final Project\Team-5\Team-5 Backend\BackEnd\EurekaDS\src\test\resources
2023-07-07 16:48:24,149 [Worker-21: Building] INFO  o.a.m.s.f.DefaultMavenResourcesFiltering - Copying 1 resource from src\main\resources to target\classes
2023-07-07 16:48:24,213 [Worker-21: Building] INFO  o.a.m.s.f.DefaultMavenResourcesFiltering - Copying 0 resource from src\main\resources to target\classes
2023-07-07 16:48:24,226 [Worker-21: Building] INFO  o.a.m.s.f.DefaultMavenResourcesFiltering - skip non existing resourceDirectory C:\Users\p1357978\Documents\Capstone Final Project\Team-5\Team-5 Backend\BackEnd\RegisterService\src\test\resources
2023-07-07 16:48:25,116 [Worker-21: Building] INFO  o.a.m.s.f.DefaultMavenResourcesFiltering - Copying 1 resource from src\main\resources to target\classes
2023-07-07 16:48:25,164 [Worker-21: Building] INFO  o.a.m.s.f.DefaultMavenResourcesFiltering - Copying 0 resource from src\main\resources to target\classes
2023-07-07 16:48:25,174 [Worker-21: Building] INFO  o.a.m.s.f.DefaultMavenResourcesFiltering - skip non existing resourceDirectory C:\Users\p1357978\Documents\Capstone Final Project\Team-5\Team-5 Backend\BackEnd\UserAuth\src\test\resources
2023-07-07 16:48:26,340 [Worker-21: Building] INFO  o.a.m.s.f.DefaultMavenResourcesFiltering - Copying 1 resource from src\main\resources to target\classes
2023-07-07 16:48:26,385 [Worker-21: Building] INFO  o.a.m.s.f.DefaultMavenResourcesFiltering - Copying 0 resource from src\main\resources to target\classes
2023-07-07 16:48:26,396 [Worker-21: Building] INFO  o.a.m.s.f.DefaultMavenResourcesFiltering - skip non existing resourceDirectory C:\Users\p1357978\Documents\Capstone Final Project\Team-5\Team-5 Backend\BackEnd\orderMS\src\test\resources
2023-07-07 16:50:55,105 [Worker-2: Building] INFO  o.a.m.s.f.DefaultMavenResourcesFiltering - Copying 1 resource from src\main\resources to target\classes
2023-07-07 16:50:55,139 [Worker-2: Building] INFO  o.a.m.s.f.DefaultMavenResourcesFiltering - Copying 0 resource from src\main\resources to target\classes
2023-07-07 16:50:55,151 [Worker-2: Building] INFO  o.a.m.s.f.DefaultMavenResourcesFiltering - skip non existing resourceDirectory C:\Users\p1357978\Documents\Capstone Final Project\Team-5\Team-5 Backend\BackEnd\RegisterService\src\test\resources
2023-07-07 16:53:20,282 [Worker-22: Building] INFO  o.a.m.s.f.DefaultMavenResourcesFiltering - Copying 1 resource from src\main\resources to target\classes
2023-07-07 16:53:20,306 [Worker-22: Building] INFO  o.a.m.s.f.DefaultMavenResourcesFiltering - Copying 0 resource from src\main\resources to target\classes
2023-07-07 16:53:20,323 [Worker-22: Building] INFO  o.a.m.s.f.DefaultMavenResourcesFiltering - skip non existing resourceDirectory C:\Users\p1357978\Documents\Capstone Final Project\Team-5\Team-5 Backend\BackEnd\orderMS\src\test\resources
2023-07-07 16:54:18,202 [Worker-18: Building] INFO  o.a.m.s.f.DefaultMavenResourcesFiltering - Copying 1 resource from src\main\resources to target\classes
2023-07-07 16:54:18,225 [Worker-18: Building] INFO  o.a.m.s.f.DefaultMavenResourcesFiltering - Copying 0 resource from src\main\resources to target\classes
2023-07-07 16:54:18,239 [Worker-18: Building] INFO  o.a.m.s.f.DefaultMavenResourcesFiltering - skip non existing resourceDirectory C:\Users\p1357978\Documents\Capstone Final Project\Team-5\Team-5 Backend\BackEnd\CartMS\src\test\resources
2023-07-13 15:24:48,427 [Worker-9: Loading available Gradle versions] INFO  o.e.b.c.i.u.g.PublishedGradleVersions - Gradle version information cache is out-of-date. Trying to update.
2023-07-18 11:03:42,618 [Worker-9: Loading available Gradle versions] INFO  o.e.b.c.i.u.g.PublishedGradleVersions - Gradle version information cache is out-of-date. Trying to update.
